<?xml version="1.0" encoding="UTF-8"?>
<testsuite xmlns:xsi="http://www.w3.org/2001/XMLSchema-instance" xsi:noNamespaceSchemaLocation="https://maven.apache.org/surefire/maven-surefire-plugin/xsd/surefire-test-report-3.0.xsd" version="3.0" name="RabbitMQTests" time="1.301" tests="1" errors="0" skipped="0" failures="0">
  <properties>
[...]
</properties>
  <testcase name="TestServerMessage" classname="RabbitMQTests" time="1.275">
    <system-out><![CDATA[INFO: RabbitMQ Channel Pool Examples
INFO: Test Configuration
INFO: ==================
 
INFO: Number of Threads per Test: 200
INFO: Number of messages to publish per thread: 100
INFO: Channel Pool Size: 30
INFO: Queue name: test
INFO: RMQ Broker: localhost
 
INFO: ==============================
 
INFO: RabbitMQ connection established
INFO: Queue based pool test finished
INFO: Test Duration =  1055 milliseconds
INFO: Apache Pool Test Complete - hit any key to continue
]]></system-out>
  </testcase>
</testsuite>